<?xml version="1.0" encoding="UTF-8"?>
<!-- Generated by org.testng.reporters.JUnitXMLReporter -->
<testsuite ignored="1" hostname="admin" failures="0" tests="2" name="Test" time="19.426" errors="0" timestamp="14 Dec 2022 03:52:04 GMT">
  <testcase classname="Testcases.LoginTest" name="Login" time="0.827"/>
  <testcase classname="Testcases.DashboardTest" name="License" time="18.576"/>
  <testcase classname="Base.Initialization" name="@BeforeSuite main" time="0.0">
    <ignored/>
  </testcase> <!-- @BeforeSuite main -->
</testsuite> <!-- Test -->
