<?xml version="1.0" encoding="UTF-8"?>
<testng-results ignored="1" total="3" passed="2" failed="0" skipped="0">
  <reporter-output>
  </reporter-output>
  <suite started-at="2022-12-14T03:51:45Z" name="Suite" finished-at="2022-12-14T03:52:04Z" duration-ms="19426">
    <groups>
    </groups>
    <test started-at="2022-12-14T03:51:45Z" name="Test" finished-at="2022-12-14T03:52:04Z" duration-ms="19426">
      <class name="Testcases.LoginTest">
        <test-method is-config="true" signature="main()[pri:0, instance:Testcases.LoginTest@7161d8d1]" started-at="2022-12-14T03:51:41Z" name="main" finished-at="2022-12-14T03:51:45Z" duration-ms="3857" status="PASS">
          <reporter-output>
          </reporter-output>
        </test-method> <!-- main -->
        <test-method signature="Login()[pri:0, instance:Testcases.LoginTest@7161d8d1]" started-at="2022-12-14T03:51:45Z" name="Login" finished-at="2022-12-14T03:51:46Z" duration-ms="827" status="PASS">
          <reporter-output>
          </reporter-output>
        </test-method> <!-- Login -->
      </class> <!-- Testcases.LoginTest -->
      <class name="Testcases.DashboardTest">
        <test-method signature="License()[pri:0, instance:Testcases.DashboardTest@74e28667]" started-at="2022-12-14T03:51:46Z" name="License" finished-at="2022-12-14T03:52:04Z" duration-ms="18576" status="PASS">
          <reporter-output>
          </reporter-output>
        </test-method> <!-- License -->
      </class> <!-- Testcases.DashboardTest -->
    </test> <!-- Test -->
  </suite> <!-- Suite -->
</testng-results>
